<?xml version="1.0" encoding="UTF-8"?>
<testng-results ignored="0" total="1" passed="1" failed="0" skipped="0">
  <reporter-output>
  </reporter-output>
  <suite started-at="2020-06-25T14:25:06 CDT" name="Default suite" finished-at="2020-06-25T14:25:16 CDT" duration-ms="9806">
    <groups>
    </groups>
    <test started-at="2020-06-25T14:25:06 CDT" name="Default test" finished-at="2020-06-25T14:25:16 CDT" duration-ms="9806">
      <class name="Tests.GoogleSearchTest">
        <test-method is-config="true" signature="browserLaunch()[pri:0, instance:Tests.GoogleSearchTest@3ee0fea4]" started-at="2020-06-25T14:25:06 CDT" name="browserLaunch" finished-at="2020-06-25T14:25:10 CDT" duration-ms="4041" status="PASS">
          <reporter-output>
          </reporter-output>
        </test-method> <!-- browserLaunch -->
        <test-method signature="googleSearch()[pri:0, instance:Tests.GoogleSearchTest@3ee0fea4]" started-at="2020-06-25T14:25:10 CDT" name="googleSearch" finished-at="2020-06-25T14:25:15 CDT" duration-ms="5408" status="PASS">
          <reporter-output>
          </reporter-output>
        </test-method> <!-- googleSearch -->
        <test-method is-config="true" signature="closeBroswer()[pri:0, instance:Tests.GoogleSearchTest@3ee0fea4]" started-at="2020-06-25T14:25:15 CDT" name="closeBroswer" finished-at="2020-06-25T14:25:16 CDT" duration-ms="324" status="PASS">
          <reporter-output>
          </reporter-output>
        </test-method> <!-- closeBroswer -->
      </class> <!-- Tests.GoogleSearchTest -->
    </test> <!-- Default test -->
  </suite> <!-- Default suite -->
</testng-results>
